<?xml version="1.0" encoding="UTF-8"?>
<!-- Generated by org.testng.reporters.JUnitXMLReporter -->
<testsuite ignored="0" hostname="LAPTOP-D78H200V" failures="0" tests="4" name="Default test" time="24.831" errors="0" timestamp="02 Jan 2023 14:27:18 GMT">
  <testcase classname="Saucedemo1.DataProviders2" name="data" time="3.796"/>
  <testcase classname="Saucedemo1.DataProviders2" name="data" time="17.774"/>
  <testcase classname="Saucedemo1.DataProviders2" name="data" time="1.557"/>
  <testcase classname="Saucedemo1.DataProviders2" name="data" time="1.671"/>
</testsuite> <!-- Default test -->
