<?xml version="1.0" encoding="UTF-8"?>
<testng-results ignored="0" total="4" passed="4" failed="0" skipped="0">
  <reporter-output>
  </reporter-output>
  <suite started-at="2023-01-02T14:26:53Z" name="Default suite" finished-at="2023-01-02T14:27:18Z" duration-ms="24831">
    <groups>
    </groups>
    <test started-at="2023-01-02T14:26:53Z" name="Default test" finished-at="2023-01-02T14:27:18Z" duration-ms="24831">
      <class name="Saucedemo1.DataProviders2">
        <test-method signature="data(java.lang.String, java.lang.String)[pri:0, instance:Saucedemo1.DataProviders2@4e423aa2]" started-at="2023-01-02T14:26:53Z" name="data" data-provider="dataset" finished-at="2023-01-02T14:26:57Z" duration-ms="3796" status="PASS">
          <params>
            <param index="0">
              <value>
                <![CDATA[standard_user]]>
              </value>
            </param>
            <param index="1">
              <value>
                <![CDATA[secret_sauce]]>
              </value>
            </param>
          </params>
          <reporter-output>
          </reporter-output>
        </test-method> <!-- data -->
        <test-method signature="data(java.lang.String, java.lang.String)[pri:0, instance:Saucedemo1.DataProviders2@4e423aa2]" started-at="2023-01-02T14:26:57Z" name="data" data-provider="dataset" finished-at="2023-01-02T14:27:14Z" duration-ms="17774" status="PASS">
          <params>
            <param index="0">
              <value>
                <![CDATA[locked_out_user]]>
              </value>
            </param>
            <param index="1">
              <value>
                <![CDATA[secret_sauce]]>
              </value>
            </param>
          </params>
          <reporter-output>
          </reporter-output>
        </test-method> <!-- data -->
        <test-method signature="data(java.lang.String, java.lang.String)[pri:0, instance:Saucedemo1.DataProviders2@4e423aa2]" started-at="2023-01-02T14:27:14Z" name="data" data-provider="dataset" finished-at="2023-01-02T14:27:16Z" duration-ms="1557" status="PASS">
          <params>
            <param index="0">
              <value>
                <![CDATA[problem_user]]>
              </value>
            </param>
            <param index="1">
              <value>
                <![CDATA[secret_sauce]]>
              </value>
            </param>
          </params>
          <reporter-output>
          </reporter-output>
        </test-method> <!-- data -->
        <test-method signature="data(java.lang.String, java.lang.String)[pri:0, instance:Saucedemo1.DataProviders2@4e423aa2]" started-at="2023-01-02T14:27:16Z" name="data" data-provider="dataset" finished-at="2023-01-02T14:27:18Z" duration-ms="1671" status="PASS">
          <params>
            <param index="0">
              <value>
                <![CDATA[performance_glitch_user]]>
              </value>
            </param>
            <param index="1">
              <value>
                <![CDATA[secret_sauce]]>
              </value>
            </param>
          </params>
          <reporter-output>
          </reporter-output>
        </test-method> <!-- data -->
      </class> <!-- Saucedemo1.DataProviders2 -->
    </test> <!-- Default test -->
  </suite> <!-- Default suite -->
</testng-results>
